2015-07-05 16:53:58,468 [Worker-2] INFO  o.e.m.c.i.p.ProjectConfigurationManager - Collecting project info '/pom.xml' D:\WebServers\Тестовое задание\TestTask\AccountManagement\pom.xml
2015-07-05 16:53:59,093 [Worker-2] INFO  o.e.m.c.i.l.LifecycleMappingFactory - Using org.eclipse.m2e.jdt.JarLifecycleMapping lifecycle mapping for MavenProject: TestTask:AccountManagement:0.0.1-SNAPSHOT @ D:\WebServers\Тестовое задание\TestTask\AccountManagement\pom.xml.
2015-07-05 16:54:00,203 [Worker-2] INFO  o.e.m.j.i.AbstractJavaProjectConfigurator - Adding source folder /AccountManagement/src/main/java
2015-07-05 16:54:00,281 [Worker-2] INFO  o.e.m.j.i.AbstractJavaProjectConfigurator - Adding source folder /AccountManagement/src/test/java
2015-07-05 16:54:00,578 [Worker-2] INFO  o.e.m.c.i.p.ProjectConfigurationManager - Imported and configured 1 project(s) in 2 sec
2015-07-05 16:54:01,296 [Worker-6] INFO  o.e.m.c.i.l.LifecycleMappingFactory - Using org.eclipse.m2e.jdt.JarLifecycleMapping lifecycle mapping for MavenProject: TestTask:AccountManagement:0.0.1-SNAPSHOT @ D:\WebServers\Тестовое задание\TestTask\AccountManagement\pom.xml.
2015-07-05 16:54:01,359 [Worker-6] INFO  o.e.m.c.i.embedder.EclipseLogger - Using 'UTF-8' encoding to copy filtered resources.
2015-07-05 16:54:01,359 [Worker-6] INFO  o.e.m.c.i.embedder.EclipseLogger - skip non existing resourceDirectory D:\WebServers\Тестовое задание\TestTask\AccountManagement\src\main\resources
2015-07-05 16:54:01,375 [Worker-6] INFO  o.e.m.c.i.embedder.EclipseLogger - Using 'UTF-8' encoding to copy filtered resources.
2015-07-05 16:54:01,375 [Worker-6] INFO  o.e.m.c.i.embedder.EclipseLogger - skip non existing resourceDirectory D:\WebServers\Тестовое задание\TestTask\AccountManagement\src\test\resources
2015-07-05 16:54:02,343 [Worker-2] INFO  o.e.m.c.i.l.LifecycleMappingFactory - Using org.eclipse.m2e.jdt.JarLifecycleMapping lifecycle mapping for MavenProject: TestTask:AccountManagement:0.0.1-SNAPSHOT @ D:\WebServers\Тестовое задание\TestTask\AccountManagement\pom.xml.
2015-07-05 16:54:02,515 [Worker-6] INFO  o.e.m.c.i.embedder.EclipseLogger - Using 'UTF-8' encoding to copy filtered resources.
2015-07-05 16:54:02,515 [Worker-6] INFO  o.e.m.c.i.embedder.EclipseLogger - skip non existing resourceDirectory D:\WebServers\Тестовое задание\TestTask\AccountManagement\src\main\resources
2015-07-05 16:54:02,515 [Worker-6] INFO  o.e.m.c.i.embedder.EclipseLogger - Using 'UTF-8' encoding to copy filtered resources.
2015-07-05 16:54:02,515 [Worker-6] INFO  o.e.m.c.i.embedder.EclipseLogger - skip non existing resourceDirectory D:\WebServers\Тестовое задание\TestTask\AccountManagement\src\test\resources
2015-07-05 16:54:20,953 [Worker-7] INFO  o.e.m.c.i.l.LifecycleMappingFactory - Using org.eclipse.m2e.jdt.JarLifecycleMapping lifecycle mapping for MavenProject: TestTask:AccountManagement:0.0.1-SNAPSHOT @ D:\WebServers\Тестовое задание\TestTask\AccountManagement\pom.xml.
2015-07-05 16:54:20,984 [Worker-7] INFO  o.e.m.c.i.embedder.EclipseLogger - Using 'UTF-8' encoding to copy filtered resources.
2015-07-05 16:54:20,984 [Worker-7] INFO  o.e.m.c.i.embedder.EclipseLogger - skip non existing resourceDirectory D:\WebServers\Тестовое задание\TestTask\AccountManagement\src\main\resources
2015-07-05 16:54:20,984 [Worker-7] INFO  o.e.m.c.i.embedder.EclipseLogger - Using 'UTF-8' encoding to copy filtered resources.
2015-07-05 16:54:20,984 [Worker-7] INFO  o.e.m.c.i.embedder.EclipseLogger - skip non existing resourceDirectory D:\WebServers\Тестовое задание\TestTask\AccountManagement\src\test\resources
2015-07-05 16:54:31,578 [Worker-7] INFO  o.e.m.c.i.embedder.EclipseLogger - Using 'UTF-8' encoding to copy filtered resources.
2015-07-05 16:54:31,578 [Worker-7] INFO  o.e.m.c.i.embedder.EclipseLogger - skip non existing resourceDirectory D:\WebServers\Тестовое задание\TestTask\AccountManagement\src\main\resources
2015-07-05 16:54:31,578 [Worker-7] INFO  o.e.m.c.i.embedder.EclipseLogger - Using 'UTF-8' encoding to copy filtered resources.
2015-07-05 16:54:31,578 [Worker-7] INFO  o.e.m.c.i.embedder.EclipseLogger - skip non existing resourceDirectory D:\WebServers\Тестовое задание\TestTask\AccountManagement\src\test\resources
2015-07-05 16:58:11,515 [Worker-5] INFO  o.e.m.c.i.l.LifecycleMappingFactory - Using org.eclipse.m2e.jdt.JarLifecycleMapping lifecycle mapping for MavenProject: TestTask:AccountManagement:0.0.1-SNAPSHOT @ D:\WebServers\Тестовое задание\TestTask\AccountManagement\pom.xml.
2015-07-05 16:58:11,781 [Worker-5] INFO  o.e.m.c.i.e.AbstractTransferListenerAdapter - Downloading http://repo.maven.apache.org/maven2/junit/junit/4.12/junit-4.12.pom
2015-07-05 16:58:11,968 [Worker-5] INFO  o.e.m.c.i.e.AbstractTransferListenerAdapter - Downloaded http://repo.maven.apache.org/maven2/junit/junit/4.12/junit-4.12.pom
2015-07-05 16:58:12,046 [Worker-5] INFO  o.e.m.c.i.e.AbstractTransferListenerAdapter - Downloading http://repo.maven.apache.org/maven2/org/hamcrest/hamcrest-core/1.3/hamcrest-core-1.3.pom
2015-07-05 16:58:12,156 [Worker-5] INFO  o.e.m.c.i.e.AbstractTransferListenerAdapter - Downloaded http://repo.maven.apache.org/maven2/org/hamcrest/hamcrest-core/1.3/hamcrest-core-1.3.pom
2015-07-05 16:58:12,234 [Worker-5] INFO  o.e.m.c.i.e.AbstractTransferListenerAdapter - Downloading http://repo.maven.apache.org/maven2/org/hamcrest/hamcrest-parent/1.3/hamcrest-parent-1.3.pom
2015-07-05 16:58:12,343 [Worker-5] INFO  o.e.m.c.i.e.AbstractTransferListenerAdapter - Downloaded http://repo.maven.apache.org/maven2/org/hamcrest/hamcrest-parent/1.3/hamcrest-parent-1.3.pom
2015-07-05 16:58:12,421 [Worker-5] INFO  o.e.m.c.i.e.AbstractTransferListenerAdapter - Downloading http://repo.maven.apache.org/maven2/junit/junit/4.12/junit-4.12.jar
2015-07-05 16:58:12,843 [Worker-5] INFO  o.e.m.c.i.e.AbstractTransferListenerAdapter - Downloaded http://repo.maven.apache.org/maven2/junit/junit/4.12/junit-4.12.jar
2015-07-05 16:58:12,906 [Worker-5] INFO  o.e.m.c.i.e.AbstractTransferListenerAdapter - Downloading http://repo.maven.apache.org/maven2/org/hamcrest/hamcrest-core/1.3/hamcrest-core-1.3.jar
2015-07-05 16:58:13,031 [Worker-5] INFO  o.e.m.c.i.e.AbstractTransferListenerAdapter - Downloaded http://repo.maven.apache.org/maven2/org/hamcrest/hamcrest-core/1.3/hamcrest-core-1.3.jar
2015-07-05 16:58:13,671 [Worker-5] INFO  o.e.m.c.i.embedder.EclipseLogger - Using 'UTF-8' encoding to copy filtered resources.
2015-07-05 16:58:13,671 [Worker-5] INFO  o.e.m.c.i.embedder.EclipseLogger - skip non existing resourceDirectory D:\WebServers\Тестовое задание\TestTask\AccountManagement\src\main\resources
2015-07-05 16:58:13,671 [Worker-5] INFO  o.e.m.c.i.embedder.EclipseLogger - Using 'UTF-8' encoding to copy filtered resources.
2015-07-05 16:58:13,671 [Worker-5] INFO  o.e.m.c.i.embedder.EclipseLogger - skip non existing resourceDirectory D:\WebServers\Тестовое задание\TestTask\AccountManagement\src\test\resources
2015-07-05 16:58:14,859 [Worker-2] INFO  o.e.m.c.i.embedder.EclipseLogger - Using 'UTF-8' encoding to copy filtered resources.
2015-07-05 16:58:14,859 [Worker-2] INFO  o.e.m.c.i.embedder.EclipseLogger - skip non existing resourceDirectory D:\WebServers\Тестовое задание\TestTask\AccountManagement\src\main\resources
2015-07-05 16:58:14,859 [Worker-2] INFO  o.e.m.c.i.embedder.EclipseLogger - Using 'UTF-8' encoding to copy filtered resources.
2015-07-05 16:58:14,859 [Worker-2] INFO  o.e.m.c.i.embedder.EclipseLogger - skip non existing resourceDirectory D:\WebServers\Тестовое задание\TestTask\AccountManagement\src\test\resources
2015-07-05 16:58:46,968 [Worker-8] INFO  o.e.m.c.i.embedder.EclipseLogger - Using 'UTF-8' encoding to copy filtered resources.
2015-07-05 16:58:46,968 [Worker-8] INFO  o.e.m.c.i.embedder.EclipseLogger - skip non existing resourceDirectory D:\WebServers\Тестовое задание\TestTask\AccountManagement\src\main\resources
2015-07-05 16:58:46,968 [Worker-8] INFO  o.e.m.c.i.embedder.EclipseLogger - Using 'UTF-8' encoding to copy filtered resources.
2015-07-05 16:58:46,968 [Worker-8] INFO  o.e.m.c.i.embedder.EclipseLogger - skip non existing resourceDirectory D:\WebServers\Тестовое задание\TestTask\AccountManagement\src\test\resources
2015-07-05 16:59:04,687 [Worker-5] INFO  o.e.m.c.i.embedder.EclipseLogger - Using 'UTF-8' encoding to copy filtered resources.
2015-07-05 16:59:04,687 [Worker-5] INFO  o.e.m.c.i.embedder.EclipseLogger - skip non existing resourceDirectory D:\WebServers\Тестовое задание\TestTask\AccountManagement\src\main\resources
2015-07-05 16:59:04,687 [Worker-5] INFO  o.e.m.c.i.embedder.EclipseLogger - Using 'UTF-8' encoding to copy filtered resources.
2015-07-05 16:59:04,687 [Worker-5] INFO  o.e.m.c.i.embedder.EclipseLogger - skip non existing resourceDirectory D:\WebServers\Тестовое задание\TestTask\AccountManagement\src\test\resources
2015-07-05 16:59:55,062 [Worker-4] INFO  o.e.m.c.i.e.AbstractTransferListenerAdapter - Downloading http://repo.maven.apache.org/maven2/junit/junit/4.12/junit-4.12-sources.jar
2015-07-05 16:59:55,359 [Worker-4] INFO  o.e.m.c.i.e.AbstractTransferListenerAdapter - Downloaded http://repo.maven.apache.org/maven2/junit/junit/4.12/junit-4.12-sources.jar
2015-07-05 16:59:55,546 [Worker-4] INFO  o.e.m.j.internal.DownloadSourcesJob - Downloaded sources for junit:junit:4.12
2015-07-05 16:59:55,671 [Worker-2] INFO  o.e.m.c.i.embedder.EclipseLogger - Using 'UTF-8' encoding to copy filtered resources.
2015-07-05 16:59:55,671 [Worker-2] INFO  o.e.m.c.i.embedder.EclipseLogger - skip non existing resourceDirectory D:\WebServers\Тестовое задание\TestTask\AccountManagement\src\main\resources
2015-07-05 16:59:55,671 [Worker-2] INFO  o.e.m.c.i.embedder.EclipseLogger - Using 'UTF-8' encoding to copy filtered resources.
2015-07-05 16:59:55,671 [Worker-2] INFO  o.e.m.c.i.embedder.EclipseLogger - skip non existing resourceDirectory D:\WebServers\Тестовое задание\TestTask\AccountManagement\src\test\resources
2015-07-05 20:23:43,093 [Worker-11] INFO  o.e.m.c.i.embedder.EclipseLogger - Using 'UTF-8' encoding to copy filtered resources.
2015-07-05 20:23:43,109 [Worker-11] INFO  o.e.m.c.i.embedder.EclipseLogger - skip non existing resourceDirectory D:\WebServers\Тестовое задание\TestTask\AccountManagement\src\main\resources
2015-07-05 20:23:43,109 [Worker-11] INFO  o.e.m.c.i.embedder.EclipseLogger - Using 'UTF-8' encoding to copy filtered resources.
2015-07-05 20:23:43,109 [Worker-11] INFO  o.e.m.c.i.embedder.EclipseLogger - skip non existing resourceDirectory D:\WebServers\Тестовое задание\TestTask\AccountManagement\src\test\resources
2015-07-05 20:39:11,921 [Worker-13] INFO  o.e.m.c.i.embedder.EclipseLogger - Using 'UTF-8' encoding to copy filtered resources.
2015-07-05 20:39:11,921 [Worker-13] INFO  o.e.m.c.i.embedder.EclipseLogger - skip non existing resourceDirectory D:\WebServers\Тестовое задание\TestTask\AccountManagement\src\main\resources
2015-07-05 20:39:11,921 [Worker-13] INFO  o.e.m.c.i.embedder.EclipseLogger - Using 'UTF-8' encoding to copy filtered resources.
2015-07-05 20:39:11,921 [Worker-13] INFO  o.e.m.c.i.embedder.EclipseLogger - skip non existing resourceDirectory D:\WebServers\Тестовое задание\TestTask\AccountManagement\src\test\resources
2015-07-05 20:39:13,250 [Worker-13] INFO  o.e.m.c.i.l.LifecycleMappingFactory - Using org.eclipse.m2e.jdt.JarLifecycleMapping lifecycle mapping for MavenProject: TestTask:AccountManagement:0.0.1-SNAPSHOT @ D:\WebServers\Тестовое задание\TestTask\AccountManagement\pom.xml.
2015-07-05 20:39:13,843 [Worker-13] INFO  o.e.m.c.i.e.AbstractTransferListenerAdapter - Downloading http://repo.maven.apache.org/maven2/com/h2database/h2/1.4.187/h2-1.4.187.pom
2015-07-05 20:39:13,968 [Worker-13] INFO  o.e.m.c.i.e.AbstractTransferListenerAdapter - Downloaded http://repo.maven.apache.org/maven2/com/h2database/h2/1.4.187/h2-1.4.187.pom
2015-07-05 20:39:14,046 [Worker-13] INFO  o.e.m.c.i.e.AbstractTransferListenerAdapter - Downloading http://repo.maven.apache.org/maven2/com/h2database/h2/1.4.187/h2-1.4.187.jar
2015-07-05 20:39:15,890 [Worker-13] INFO  o.e.m.c.i.e.AbstractTransferListenerAdapter - Downloaded http://repo.maven.apache.org/maven2/com/h2database/h2/1.4.187/h2-1.4.187.jar
2015-07-05 20:39:16,296 [Worker-13] INFO  o.e.m.c.i.embedder.EclipseLogger - Using 'UTF-8' encoding to copy filtered resources.
2015-07-05 20:39:16,296 [Worker-13] INFO  o.e.m.c.i.embedder.EclipseLogger - skip non existing resourceDirectory D:\WebServers\Тестовое задание\TestTask\AccountManagement\src\main\resources
2015-07-05 20:39:16,296 [Worker-13] INFO  o.e.m.c.i.embedder.EclipseLogger - Using 'UTF-8' encoding to copy filtered resources.
2015-07-05 20:39:16,296 [Worker-13] INFO  o.e.m.c.i.embedder.EclipseLogger - skip non existing resourceDirectory D:\WebServers\Тестовое задание\TestTask\AccountManagement\src\test\resources
2015-07-05 20:39:17,562 [Worker-5] INFO  o.e.m.c.i.embedder.EclipseLogger - Using 'UTF-8' encoding to copy filtered resources.
2015-07-05 20:39:17,562 [Worker-5] INFO  o.e.m.c.i.embedder.EclipseLogger - skip non existing resourceDirectory D:\WebServers\Тестовое задание\TestTask\AccountManagement\src\main\resources
2015-07-05 20:39:17,562 [Worker-5] INFO  o.e.m.c.i.embedder.EclipseLogger - Using 'UTF-8' encoding to copy filtered resources.
2015-07-05 20:39:17,562 [Worker-5] INFO  o.e.m.c.i.embedder.EclipseLogger - skip non existing resourceDirectory D:\WebServers\Тестовое задание\TestTask\AccountManagement\src\test\resources
2015-07-05 20:50:56,125 [Worker-14] INFO  o.e.m.c.i.embedder.EclipseLogger - Using 'UTF-8' encoding to copy filtered resources.
2015-07-05 20:50:56,125 [Worker-14] INFO  o.e.m.c.i.embedder.EclipseLogger - skip non existing resourceDirectory D:\WebServers\Тестовое задание\TestTask\AccountManagement\src\main\resources
2015-07-05 20:50:56,140 [Worker-14] INFO  o.e.m.c.i.embedder.EclipseLogger - Using 'UTF-8' encoding to copy filtered resources.
2015-07-05 20:50:56,140 [Worker-14] INFO  o.e.m.c.i.embedder.EclipseLogger - skip non existing resourceDirectory D:\WebServers\Тестовое задание\TestTask\AccountManagement\src\test\resources
2015-07-05 20:52:21,687 [Worker-14] INFO  o.e.m.c.i.embedder.EclipseLogger - Using 'UTF-8' encoding to copy filtered resources.
2015-07-05 20:52:21,687 [Worker-14] INFO  o.e.m.c.i.embedder.EclipseLogger - skip non existing resourceDirectory D:\WebServers\Тестовое задание\TestTask\AccountManagement\src\main\resources
2015-07-05 20:52:21,687 [Worker-14] INFO  o.e.m.c.i.embedder.EclipseLogger - Using 'UTF-8' encoding to copy filtered resources.
2015-07-05 20:52:21,687 [Worker-14] INFO  o.e.m.c.i.embedder.EclipseLogger - skip non existing resourceDirectory D:\WebServers\Тестовое задание\TestTask\AccountManagement\src\test\resources
2015-07-05 20:53:59,781 [Worker-18] INFO  o.e.m.c.i.embedder.EclipseLogger - Using 'UTF-8' encoding to copy filtered resources.
2015-07-05 20:53:59,781 [Worker-18] INFO  o.e.m.c.i.embedder.EclipseLogger - skip non existing resourceDirectory D:\WebServers\Тестовое задание\TestTask\AccountManagement\src\main\resources
2015-07-05 20:53:59,781 [Worker-18] INFO  o.e.m.c.i.embedder.EclipseLogger - Using 'UTF-8' encoding to copy filtered resources.
2015-07-05 20:53:59,781 [Worker-18] INFO  o.e.m.c.i.embedder.EclipseLogger - skip non existing resourceDirectory D:\WebServers\Тестовое задание\TestTask\AccountManagement\src\test\resources
2015-07-05 21:24:56,890 [Worker-8] INFO  o.e.m.c.i.embedder.EclipseLogger - Using 'UTF-8' encoding to copy filtered resources.
2015-07-05 21:24:56,906 [Worker-8] INFO  o.e.m.c.i.embedder.EclipseLogger - skip non existing resourceDirectory D:\WebServers\Тестовое задание\TestTask\AccountManagement\src\main\resources
2015-07-05 21:24:56,906 [Worker-8] INFO  o.e.m.c.i.embedder.EclipseLogger - Using 'UTF-8' encoding to copy filtered resources.
2015-07-05 21:24:56,906 [Worker-8] INFO  o.e.m.c.i.embedder.EclipseLogger - skip non existing resourceDirectory D:\WebServers\Тестовое задание\TestTask\AccountManagement\src\test\resources
2015-07-05 21:42:30,656 [Worker-11] INFO  o.e.m.c.i.embedder.EclipseLogger - Using 'UTF-8' encoding to copy filtered resources.
2015-07-05 21:42:30,656 [Worker-11] INFO  o.e.m.c.i.embedder.EclipseLogger - skip non existing resourceDirectory D:\WebServers\Тестовое задание\TestTask\AccountManagement\src\main\resources
2015-07-05 21:42:30,656 [Worker-11] INFO  o.e.m.c.i.embedder.EclipseLogger - Using 'UTF-8' encoding to copy filtered resources.
2015-07-05 21:42:30,656 [Worker-11] INFO  o.e.m.c.i.embedder.EclipseLogger - skip non existing resourceDirectory D:\WebServers\Тестовое задание\TestTask\AccountManagement\src\test\resources
2015-07-05 21:44:47,203 [Worker-9] INFO  o.e.m.c.i.embedder.EclipseLogger - Using 'UTF-8' encoding to copy filtered resources.
2015-07-05 21:44:47,203 [Worker-9] INFO  o.e.m.c.i.embedder.EclipseLogger - skip non existing resourceDirectory D:\WebServers\Тестовое задание\TestTask\AccountManagement\src\main\resources
2015-07-05 21:44:47,203 [Worker-9] INFO  o.e.m.c.i.embedder.EclipseLogger - Using 'UTF-8' encoding to copy filtered resources.
2015-07-05 21:44:47,203 [Worker-9] INFO  o.e.m.c.i.embedder.EclipseLogger - skip non existing resourceDirectory D:\WebServers\Тестовое задание\TestTask\AccountManagement\src\test\resources
2015-07-05 21:47:07,171 [Worker-12] INFO  o.e.m.c.i.embedder.EclipseLogger - Using 'UTF-8' encoding to copy filtered resources.
2015-07-05 21:47:07,171 [Worker-12] INFO  o.e.m.c.i.embedder.EclipseLogger - skip non existing resourceDirectory D:\WebServers\Тестовое задание\TestTask\AccountManagement\src\main\resources
2015-07-05 21:47:07,171 [Worker-12] INFO  o.e.m.c.i.embedder.EclipseLogger - Using 'UTF-8' encoding to copy filtered resources.
2015-07-05 21:47:07,171 [Worker-12] INFO  o.e.m.c.i.embedder.EclipseLogger - skip non existing resourceDirectory D:\WebServers\Тестовое задание\TestTask\AccountManagement\src\test\resources
2015-07-05 21:47:20,703 [Worker-7] INFO  o.e.m.c.i.embedder.EclipseLogger - Using 'UTF-8' encoding to copy filtered resources.
2015-07-05 21:47:20,703 [Worker-7] INFO  o.e.m.c.i.embedder.EclipseLogger - skip non existing resourceDirectory D:\WebServers\Тестовое задание\TestTask\AccountManagement\src\main\resources
2015-07-05 21:47:20,703 [Worker-7] INFO  o.e.m.c.i.embedder.EclipseLogger - Using 'UTF-8' encoding to copy filtered resources.
2015-07-05 21:47:20,703 [Worker-7] INFO  o.e.m.c.i.embedder.EclipseLogger - skip non existing resourceDirectory D:\WebServers\Тестовое задание\TestTask\AccountManagement\src\test\resources
2015-07-05 21:48:06,156 [Worker-9] INFO  o.e.m.c.i.embedder.EclipseLogger - Using 'UTF-8' encoding to copy filtered resources.
2015-07-05 21:48:06,156 [Worker-9] INFO  o.e.m.c.i.embedder.EclipseLogger - skip non existing resourceDirectory D:\WebServers\Тестовое задание\TestTask\AccountManagement\src\main\resources
2015-07-05 21:48:06,156 [Worker-9] INFO  o.e.m.c.i.embedder.EclipseLogger - Using 'UTF-8' encoding to copy filtered resources.
2015-07-05 21:48:06,156 [Worker-9] INFO  o.e.m.c.i.embedder.EclipseLogger - skip non existing resourceDirectory D:\WebServers\Тестовое задание\TestTask\AccountManagement\src\test\resources
2015-07-05 21:49:25,046 [Worker-12] INFO  o.e.m.c.i.embedder.EclipseLogger - Using 'UTF-8' encoding to copy filtered resources.
2015-07-05 21:49:25,046 [Worker-12] INFO  o.e.m.c.i.embedder.EclipseLogger - skip non existing resourceDirectory D:\WebServers\Тестовое задание\TestTask\AccountManagement\src\main\resources
2015-07-05 21:49:25,046 [Worker-12] INFO  o.e.m.c.i.embedder.EclipseLogger - Using 'UTF-8' encoding to copy filtered resources.
2015-07-05 21:49:25,046 [Worker-12] INFO  o.e.m.c.i.embedder.EclipseLogger - skip non existing resourceDirectory D:\WebServers\Тестовое задание\TestTask\AccountManagement\src\test\resources
2015-07-05 21:50:56,375 [Worker-2] INFO  o.e.m.c.i.embedder.EclipseLogger - Using 'UTF-8' encoding to copy filtered resources.
2015-07-05 21:50:56,375 [Worker-2] INFO  o.e.m.c.i.embedder.EclipseLogger - skip non existing resourceDirectory D:\WebServers\Тестовое задание\TestTask\AccountManagement\src\main\resources
2015-07-05 21:50:56,375 [Worker-2] INFO  o.e.m.c.i.embedder.EclipseLogger - Using 'UTF-8' encoding to copy filtered resources.
2015-07-05 21:50:56,375 [Worker-2] INFO  o.e.m.c.i.embedder.EclipseLogger - skip non existing resourceDirectory D:\WebServers\Тестовое задание\TestTask\AccountManagement\src\test\resources
2015-07-05 22:11:57,546 [Worker-8] INFO  o.e.m.c.i.embedder.EclipseLogger - Using 'UTF-8' encoding to copy filtered resources.
2015-07-05 22:11:57,546 [Worker-8] INFO  o.e.m.c.i.embedder.EclipseLogger - skip non existing resourceDirectory D:\WebServers\Тестовое задание\TestTask\AccountManagement\src\main\resources
2015-07-05 22:11:57,546 [Worker-8] INFO  o.e.m.c.i.embedder.EclipseLogger - Using 'UTF-8' encoding to copy filtered resources.
2015-07-05 22:11:57,546 [Worker-8] INFO  o.e.m.c.i.embedder.EclipseLogger - skip non existing resourceDirectory D:\WebServers\Тестовое задание\TestTask\AccountManagement\src\test\resources
2015-07-05 22:15:04,187 [Worker-14] INFO  o.e.m.c.i.embedder.EclipseLogger - Using 'UTF-8' encoding to copy filtered resources.
2015-07-05 22:15:04,187 [Worker-14] INFO  o.e.m.c.i.embedder.EclipseLogger - skip non existing resourceDirectory D:\WebServers\Тестовое задание\TestTask\AccountManagement\src\main\resources
2015-07-05 22:15:04,187 [Worker-14] INFO  o.e.m.c.i.embedder.EclipseLogger - Using 'UTF-8' encoding to copy filtered resources.
2015-07-05 22:15:04,187 [Worker-14] INFO  o.e.m.c.i.embedder.EclipseLogger - skip non existing resourceDirectory D:\WebServers\Тестовое задание\TestTask\AccountManagement\src\test\resources
2015-07-05 22:16:16,390 [Worker-12] INFO  o.e.m.c.i.embedder.EclipseLogger - Using 'UTF-8' encoding to copy filtered resources.
2015-07-05 22:16:16,390 [Worker-12] INFO  o.e.m.c.i.embedder.EclipseLogger - skip non existing resourceDirectory D:\WebServers\Тестовое задание\TestTask\AccountManagement\src\main\resources
2015-07-05 22:16:16,390 [Worker-12] INFO  o.e.m.c.i.embedder.EclipseLogger - Using 'UTF-8' encoding to copy filtered resources.
2015-07-05 22:16:16,390 [Worker-12] INFO  o.e.m.c.i.embedder.EclipseLogger - skip non existing resourceDirectory D:\WebServers\Тестовое задание\TestTask\AccountManagement\src\test\resources
2015-07-05 22:16:57,593 [Worker-2] INFO  o.e.m.c.i.embedder.EclipseLogger - Using 'UTF-8' encoding to copy filtered resources.
2015-07-05 22:16:57,593 [Worker-2] INFO  o.e.m.c.i.embedder.EclipseLogger - skip non existing resourceDirectory D:\WebServers\Тестовое задание\TestTask\AccountManagement\src\main\resources
2015-07-05 22:16:57,593 [Worker-2] INFO  o.e.m.c.i.embedder.EclipseLogger - Using 'UTF-8' encoding to copy filtered resources.
2015-07-05 22:16:57,593 [Worker-2] INFO  o.e.m.c.i.embedder.EclipseLogger - skip non existing resourceDirectory D:\WebServers\Тестовое задание\TestTask\AccountManagement\src\test\resources
2015-07-05 22:17:02,375 [Worker-13] INFO  o.e.m.c.i.embedder.EclipseLogger - Using 'UTF-8' encoding to copy filtered resources.
2015-07-05 22:17:02,375 [Worker-13] INFO  o.e.m.c.i.embedder.EclipseLogger - skip non existing resourceDirectory D:\WebServers\Тестовое задание\TestTask\AccountManagement\src\main\resources
2015-07-05 22:17:02,375 [Worker-13] INFO  o.e.m.c.i.embedder.EclipseLogger - Using 'UTF-8' encoding to copy filtered resources.
2015-07-05 22:17:02,375 [Worker-13] INFO  o.e.m.c.i.embedder.EclipseLogger - skip non existing resourceDirectory D:\WebServers\Тестовое задание\TestTask\AccountManagement\src\test\resources
2015-07-05 22:29:49,937 [Worker-2] INFO  o.e.m.c.i.embedder.EclipseLogger - Using 'UTF-8' encoding to copy filtered resources.
2015-07-05 22:29:49,953 [Worker-2] INFO  o.e.m.c.i.embedder.EclipseLogger - skip non existing resourceDirectory D:\WebServers\Тестовое задание\TestTask\AccountManagement\src\main\resources
2015-07-05 22:29:49,953 [Worker-2] INFO  o.e.m.c.i.embedder.EclipseLogger - Using 'UTF-8' encoding to copy filtered resources.
2015-07-05 22:29:49,953 [Worker-2] INFO  o.e.m.c.i.embedder.EclipseLogger - skip non existing resourceDirectory D:\WebServers\Тестовое задание\TestTask\AccountManagement\src\test\resources
2015-07-05 22:29:53,421 [Worker-8] INFO  o.e.m.c.i.embedder.EclipseLogger - Using 'UTF-8' encoding to copy filtered resources.
2015-07-05 22:29:53,421 [Worker-8] INFO  o.e.m.c.i.embedder.EclipseLogger - skip non existing resourceDirectory D:\WebServers\Тестовое задание\TestTask\AccountManagement\src\main\resources
2015-07-05 22:29:53,421 [Worker-8] INFO  o.e.m.c.i.embedder.EclipseLogger - Using 'UTF-8' encoding to copy filtered resources.
2015-07-05 22:29:53,421 [Worker-8] INFO  o.e.m.c.i.embedder.EclipseLogger - skip non existing resourceDirectory D:\WebServers\Тестовое задание\TestTask\AccountManagement\src\test\resources
2015-07-05 22:30:44,171 [Worker-14] INFO  o.e.m.c.i.embedder.EclipseLogger - Using 'UTF-8' encoding to copy filtered resources.
2015-07-05 22:30:44,171 [Worker-14] INFO  o.e.m.c.i.embedder.EclipseLogger - skip non existing resourceDirectory D:\WebServers\Тестовое задание\TestTask\AccountManagement\src\main\resources
2015-07-05 22:30:44,171 [Worker-14] INFO  o.e.m.c.i.embedder.EclipseLogger - Using 'UTF-8' encoding to copy filtered resources.
2015-07-05 22:30:44,171 [Worker-14] INFO  o.e.m.c.i.embedder.EclipseLogger - skip non existing resourceDirectory D:\WebServers\Тестовое задание\TestTask\AccountManagement\src\test\resources
2015-07-05 22:31:59,609 [Worker-14] INFO  o.e.m.c.i.embedder.EclipseLogger - Using 'UTF-8' encoding to copy filtered resources.
2015-07-05 22:31:59,609 [Worker-14] INFO  o.e.m.c.i.embedder.EclipseLogger - skip non existing resourceDirectory D:\WebServers\Тестовое задание\TestTask\AccountManagement\src\main\resources
2015-07-05 22:31:59,609 [Worker-14] INFO  o.e.m.c.i.embedder.EclipseLogger - Using 'UTF-8' encoding to copy filtered resources.
2015-07-05 22:31:59,609 [Worker-14] INFO  o.e.m.c.i.embedder.EclipseLogger - skip non existing resourceDirectory D:\WebServers\Тестовое задание\TestTask\AccountManagement\src\test\resources
2015-07-05 22:37:52,984 [Worker-14] INFO  o.e.m.c.i.embedder.EclipseLogger - Using 'UTF-8' encoding to copy filtered resources.
2015-07-05 22:37:52,984 [Worker-14] INFO  o.e.m.c.i.embedder.EclipseLogger - skip non existing resourceDirectory D:\WebServers\Тестовое задание\TestTask\AccountManagement\src\main\resources
2015-07-05 22:37:53,000 [Worker-14] INFO  o.e.m.c.i.embedder.EclipseLogger - Using 'UTF-8' encoding to copy filtered resources.
2015-07-05 22:37:53,000 [Worker-14] INFO  o.e.m.c.i.embedder.EclipseLogger - skip non existing resourceDirectory D:\WebServers\Тестовое задание\TestTask\AccountManagement\src\test\resources
2015-07-05 22:38:33,828 [Worker-2] INFO  o.e.m.c.i.embedder.EclipseLogger - Using 'UTF-8' encoding to copy filtered resources.
2015-07-05 22:38:33,828 [Worker-2] INFO  o.e.m.c.i.embedder.EclipseLogger - skip non existing resourceDirectory D:\WebServers\Тестовое задание\TestTask\AccountManagement\src\main\resources
2015-07-05 22:38:33,828 [Worker-2] INFO  o.e.m.c.i.embedder.EclipseLogger - Using 'UTF-8' encoding to copy filtered resources.
2015-07-05 22:38:33,828 [Worker-2] INFO  o.e.m.c.i.embedder.EclipseLogger - skip non existing resourceDirectory D:\WebServers\Тестовое задание\TestTask\AccountManagement\src\test\resources
2015-07-05 22:39:42,937 [Worker-15] INFO  o.e.m.c.i.embedder.EclipseLogger - Using 'UTF-8' encoding to copy filtered resources.
2015-07-05 22:39:42,937 [Worker-15] INFO  o.e.m.c.i.embedder.EclipseLogger - skip non existing resourceDirectory D:\WebServers\Тестовое задание\TestTask\AccountManagement\src\main\resources
2015-07-05 22:39:42,937 [Worker-15] INFO  o.e.m.c.i.embedder.EclipseLogger - Using 'UTF-8' encoding to copy filtered resources.
2015-07-05 22:39:42,937 [Worker-15] INFO  o.e.m.c.i.embedder.EclipseLogger - skip non existing resourceDirectory D:\WebServers\Тестовое задание\TestTask\AccountManagement\src\test\resources
2015-07-05 22:40:28,171 [Worker-16] INFO  o.e.m.c.i.embedder.EclipseLogger - Using 'UTF-8' encoding to copy filtered resources.
2015-07-05 22:40:28,171 [Worker-16] INFO  o.e.m.c.i.embedder.EclipseLogger - skip non existing resourceDirectory D:\WebServers\Тестовое задание\TestTask\AccountManagement\src\main\resources
2015-07-05 22:40:28,187 [Worker-16] INFO  o.e.m.c.i.embedder.EclipseLogger - Using 'UTF-8' encoding to copy filtered resources.
2015-07-05 22:40:28,187 [Worker-16] INFO  o.e.m.c.i.embedder.EclipseLogger - skip non existing resourceDirectory D:\WebServers\Тестовое задание\TestTask\AccountManagement\src\test\resources
2015-07-05 22:40:37,343 [Worker-2] INFO  o.e.m.c.i.embedder.EclipseLogger - Using 'UTF-8' encoding to copy filtered resources.
2015-07-05 22:40:37,343 [Worker-2] INFO  o.e.m.c.i.embedder.EclipseLogger - skip non existing resourceDirectory D:\WebServers\Тестовое задание\TestTask\AccountManagement\src\main\resources
2015-07-05 22:40:37,359 [Worker-2] INFO  o.e.m.c.i.embedder.EclipseLogger - Using 'UTF-8' encoding to copy filtered resources.
2015-07-05 22:40:37,359 [Worker-2] INFO  o.e.m.c.i.embedder.EclipseLogger - skip non existing resourceDirectory D:\WebServers\Тестовое задание\TestTask\AccountManagement\src\test\resources
2015-07-05 22:42:07,093 [Worker-2] INFO  o.e.m.c.i.embedder.EclipseLogger - Using 'UTF-8' encoding to copy filtered resources.
2015-07-05 22:42:07,093 [Worker-2] INFO  o.e.m.c.i.embedder.EclipseLogger - skip non existing resourceDirectory D:\WebServers\Тестовое задание\TestTask\AccountManagement\src\main\resources
2015-07-05 22:42:07,093 [Worker-2] INFO  o.e.m.c.i.embedder.EclipseLogger - Using 'UTF-8' encoding to copy filtered resources.
2015-07-05 22:42:07,093 [Worker-2] INFO  o.e.m.c.i.embedder.EclipseLogger - skip non existing resourceDirectory D:\WebServers\Тестовое задание\TestTask\AccountManagement\src\test\resources
2015-07-05 22:42:49,937 [Worker-14] INFO  o.e.m.c.i.embedder.EclipseLogger - Using 'UTF-8' encoding to copy filtered resources.
2015-07-05 22:42:49,937 [Worker-14] INFO  o.e.m.c.i.embedder.EclipseLogger - skip non existing resourceDirectory D:\WebServers\Тестовое задание\TestTask\AccountManagement\src\main\resources
2015-07-05 22:42:49,937 [Worker-14] INFO  o.e.m.c.i.embedder.EclipseLogger - Using 'UTF-8' encoding to copy filtered resources.
2015-07-05 22:42:49,937 [Worker-14] INFO  o.e.m.c.i.embedder.EclipseLogger - skip non existing resourceDirectory D:\WebServers\Тестовое задание\TestTask\AccountManagement\src\test\resources
2015-07-05 22:45:54,500 [Worker-8] INFO  o.e.m.c.i.embedder.EclipseLogger - Using 'UTF-8' encoding to copy filtered resources.
2015-07-05 22:45:54,500 [Worker-8] INFO  o.e.m.c.i.embedder.EclipseLogger - skip non existing resourceDirectory D:\WebServers\Тестовое задание\TestTask\AccountManagement\src\main\resources
2015-07-05 22:45:54,500 [Worker-8] INFO  o.e.m.c.i.embedder.EclipseLogger - Using 'UTF-8' encoding to copy filtered resources.
2015-07-05 22:45:54,500 [Worker-8] INFO  o.e.m.c.i.embedder.EclipseLogger - skip non existing resourceDirectory D:\WebServers\Тестовое задание\TestTask\AccountManagement\src\test\resources
2015-07-05 22:46:10,531 [Worker-16] INFO  o.e.m.c.i.embedder.EclipseLogger - Using 'UTF-8' encoding to copy filtered resources.
2015-07-05 22:46:10,531 [Worker-16] INFO  o.e.m.c.i.embedder.EclipseLogger - skip non existing resourceDirectory D:\WebServers\Тестовое задание\TestTask\AccountManagement\src\main\resources
2015-07-05 22:46:10,531 [Worker-16] INFO  o.e.m.c.i.embedder.EclipseLogger - Using 'UTF-8' encoding to copy filtered resources.
2015-07-05 22:46:10,531 [Worker-16] INFO  o.e.m.c.i.embedder.EclipseLogger - skip non existing resourceDirectory D:\WebServers\Тестовое задание\TestTask\AccountManagement\src\test\resources
2015-07-05 22:47:25,484 [Worker-12] INFO  o.e.m.c.i.embedder.EclipseLogger - Using 'UTF-8' encoding to copy filtered resources.
2015-07-05 22:47:25,484 [Worker-12] INFO  o.e.m.c.i.embedder.EclipseLogger - skip non existing resourceDirectory D:\WebServers\Тестовое задание\TestTask\AccountManagement\src\main\resources
2015-07-05 22:47:25,484 [Worker-12] INFO  o.e.m.c.i.embedder.EclipseLogger - Using 'UTF-8' encoding to copy filtered resources.
2015-07-05 22:47:25,484 [Worker-12] INFO  o.e.m.c.i.embedder.EclipseLogger - skip non existing resourceDirectory D:\WebServers\Тестовое задание\TestTask\AccountManagement\src\test\resources
2015-07-05 22:49:27,328 [Worker-14] INFO  o.e.m.c.i.embedder.EclipseLogger - Using 'UTF-8' encoding to copy filtered resources.
2015-07-05 22:49:27,328 [Worker-14] INFO  o.e.m.c.i.embedder.EclipseLogger - skip non existing resourceDirectory D:\WebServers\Тестовое задание\TestTask\AccountManagement\src\main\resources
2015-07-05 22:49:27,328 [Worker-14] INFO  o.e.m.c.i.embedder.EclipseLogger - Using 'UTF-8' encoding to copy filtered resources.
2015-07-05 22:49:27,328 [Worker-14] INFO  o.e.m.c.i.embedder.EclipseLogger - skip non existing resourceDirectory D:\WebServers\Тестовое задание\TestTask\AccountManagement\src\test\resources
2015-07-05 22:50:22,015 [Worker-16] INFO  o.e.m.c.i.embedder.EclipseLogger - Using 'UTF-8' encoding to copy filtered resources.
2015-07-05 22:50:22,015 [Worker-16] INFO  o.e.m.c.i.embedder.EclipseLogger - skip non existing resourceDirectory D:\WebServers\Тестовое задание\TestTask\AccountManagement\src\main\resources
2015-07-05 22:50:22,015 [Worker-16] INFO  o.e.m.c.i.embedder.EclipseLogger - Using 'UTF-8' encoding to copy filtered resources.
2015-07-05 22:50:22,015 [Worker-16] INFO  o.e.m.c.i.embedder.EclipseLogger - skip non existing resourceDirectory D:\WebServers\Тестовое задание\TestTask\AccountManagement\src\test\resources
2015-07-05 22:52:25,046 [Worker-12] INFO  o.e.m.c.i.embedder.EclipseLogger - Using 'UTF-8' encoding to copy filtered resources.
2015-07-05 22:52:25,046 [Worker-12] INFO  o.e.m.c.i.embedder.EclipseLogger - skip non existing resourceDirectory D:\WebServers\Тестовое задание\TestTask\AccountManagement\src\main\resources
2015-07-05 22:52:25,046 [Worker-12] INFO  o.e.m.c.i.embedder.EclipseLogger - Using 'UTF-8' encoding to copy filtered resources.
2015-07-05 22:52:25,046 [Worker-12] INFO  o.e.m.c.i.embedder.EclipseLogger - skip non existing resourceDirectory D:\WebServers\Тестовое задание\TestTask\AccountManagement\src\test\resources
2015-07-05 22:53:19,734 [Worker-15] INFO  o.e.m.c.i.embedder.EclipseLogger - Using 'UTF-8' encoding to copy filtered resources.
2015-07-05 22:53:19,734 [Worker-15] INFO  o.e.m.c.i.embedder.EclipseLogger - skip non existing resourceDirectory D:\WebServers\Тестовое задание\TestTask\AccountManagement\src\main\resources
2015-07-05 22:53:19,734 [Worker-15] INFO  o.e.m.c.i.embedder.EclipseLogger - Using 'UTF-8' encoding to copy filtered resources.
2015-07-05 22:53:19,734 [Worker-15] INFO  o.e.m.c.i.embedder.EclipseLogger - skip non existing resourceDirectory D:\WebServers\Тестовое задание\TestTask\AccountManagement\src\test\resources
2015-07-05 22:53:44,953 [Worker-8] INFO  o.e.m.c.i.embedder.EclipseLogger - Using 'UTF-8' encoding to copy filtered resources.
2015-07-05 22:53:44,953 [Worker-8] INFO  o.e.m.c.i.embedder.EclipseLogger - skip non existing resourceDirectory D:\WebServers\Тестовое задание\TestTask\AccountManagement\src\main\resources
2015-07-05 22:53:44,953 [Worker-8] INFO  o.e.m.c.i.embedder.EclipseLogger - Using 'UTF-8' encoding to copy filtered resources.
2015-07-05 22:53:44,953 [Worker-8] INFO  o.e.m.c.i.embedder.EclipseLogger - skip non existing resourceDirectory D:\WebServers\Тестовое задание\TestTask\AccountManagement\src\test\resources
2015-07-05 22:54:29,093 [Worker-8] INFO  o.e.m.c.i.embedder.EclipseLogger - Using 'UTF-8' encoding to copy filtered resources.
2015-07-05 22:54:29,093 [Worker-8] INFO  o.e.m.c.i.embedder.EclipseLogger - skip non existing resourceDirectory D:\WebServers\Тестовое задание\TestTask\AccountManagement\src\main\resources
2015-07-05 22:54:29,093 [Worker-8] INFO  o.e.m.c.i.embedder.EclipseLogger - Using 'UTF-8' encoding to copy filtered resources.
2015-07-05 22:54:29,093 [Worker-8] INFO  o.e.m.c.i.embedder.EclipseLogger - skip non existing resourceDirectory D:\WebServers\Тестовое задание\TestTask\AccountManagement\src\test\resources
